nohup: ignoring input
[2025-11-20 17:45:05,352] INFO django.utils.autoreload:667 - Watching for file changes with StatReloader
Exception in thread django-main-thread:
Traceback (most recent call last):
  File "/usr/lib/python3.12/threading.py", line 1073, in _bootstrap_inner
    self.run()
  File "/usr/lib/python3.12/threading.py", line 1010, in run
    self._target(*self._args, **self._kwargs)
  File "/root/bond_project/venv/lib/python3.12/site-packages/django/utils/autoreload.py", line 64, in wrapper
    fn(*args, **kwargs)
  File "/root/bond_project/venv/lib/python3.12/site-packages/django/core/management/commands/runserver.py", line 134, in inner_run
    self.check(**check_kwargs)
  File "/root/bond_project/venv/lib/python3.12/site-packages/django/core/management/base.py", line 492, in check
    all_issues = checks.run_checks(
                 ^^^^^^^^^^^^^^^^^^
  File "/root/bond_project/venv/lib/python3.12/site-packages/django/core/checks/registry.py", line 89, in run_checks
    new_errors = check(app_configs=app_configs, databases=databases)
                 ^^^^^^^^^^^^^^^^^^^^^^^^^^^^^^^^^^^^^^^^^^^^^^^^^^^
  File "/root/bond_project/venv/lib/python3.12/site-packages/django/core/checks/urls.py", line 44, in check_url_namespaces_unique
    all_namespaces = _load_all_namespaces(resolver)
                     ^^^^^^^^^^^^^^^^^^^^^^^^^^^^^^
  File "/root/bond_project/venv/lib/python3.12/site-packages/django/core/checks/urls.py", line 63, in _load_all_namespaces
    url_patterns = getattr(resolver, "url_patterns", [])
                   ^^^^^^^^^^^^^^^^^^^^^^^^^^^^^^^^^^^^^
  File "/root/bond_project/venv/lib/python3.12/site-packages/django/utils/functional.py", line 47, in __get__
    res = instance.__dict__[self.name] = self.func(instance)
                                         ^^^^^^^^^^^^^^^^^^^
  File "/root/bond_project/venv/lib/python3.12/site-packages/django/urls/resolvers.py", line 718, in url_patterns
    patterns = getattr(self.urlconf_module, "urlpatterns", self.urlconf_module)
                       ^^^^^^^^^^^^^^^^^^^
  File "/root/bond_project/venv/lib/python3.12/site-packages/django/utils/functional.py", line 47, in __get__
    res = instance.__dict__[self.name] = self.func(instance)
                                         ^^^^^^^^^^^^^^^^^^^
  File "/root/bond_project/venv/lib/python3.12/site-packages/django/urls/resolvers.py", line 711, in urlconf_module
    return import_module(self.urlconf_name)
           ^^^^^^^^^^^^^^^^^^^^^^^^^^^^^^^^
  File "/usr/lib/python3.12/importlib/__init__.py", line 90, in import_module
    return _bootstrap._gcd_import(name[level:], package, level)
           ^^^^^^^^^^^^^^^^^^^^^^^^^^^^^^^^^^^^^^^^^^^^^^^^^^^^
  File "<frozen importlib._bootstrap>", line 1387, in _gcd_import
  File "<frozen importlib._bootstrap>", line 1360, in _find_and_load
  File "<frozen importlib._bootstrap>", line 1331, in _find_and_load_unlocked
  File "<frozen importlib._bootstrap>", line 935, in _load_unlocked
  File "<frozen importlib._bootstrap_external>", line 995, in exec_module
  File "<frozen importlib._bootstrap>", line 488, in _call_with_frames_removed
  File "/root/bond_project/Backend/config/urls.py", line 42, in <module>
    path("api/", include("apps.urls")),
                 ^^^^^^^^^^^^^^^^^^^^
  File "/root/bond_project/venv/lib/python3.12/site-packages/django/urls/conf.py", line 39, in include
    urlconf_module = import_module(urlconf_module)
                     ^^^^^^^^^^^^^^^^^^^^^^^^^^^^^
  File "/usr/lib/python3.12/importlib/__init__.py", line 90, in import_module
    return _bootstrap._gcd_import(name[level:], package, level)
           ^^^^^^^^^^^^^^^^^^^^^^^^^^^^^^^^^^^^^^^^^^^^^^^^^^^^
  File "<frozen importlib._bootstrap>", line 1387, in _gcd_import
  File "<frozen importlib._bootstrap>", line 1360, in _find_and_load
  File "<frozen importlib._bootstrap>", line 1331, in _find_and_load_unlocked
  File "<frozen importlib._bootstrap>", line 935, in _load_unlocked
  File "<frozen importlib._bootstrap_external>", line 995, in exec_module
  File "<frozen importlib._bootstrap>", line 488, in _call_with_frames_removed
  File "/root/bond_project/Backend/apps/urls.py", line 21, in <module>
    path('kyc/',include('apps.kyc.urls')),
                ^^^^^^^^^^^^^^^^^^^^^^^^
  File "/root/bond_project/venv/lib/python3.12/site-packages/django/urls/conf.py", line 39, in include
    urlconf_module = import_module(urlconf_module)
                     ^^^^^^^^^^^^^^^^^^^^^^^^^^^^^
  File "/usr/lib/python3.12/importlib/__init__.py", line 90, in import_module
    return _bootstrap._gcd_import(name[level:], package, level)
           ^^^^^^^^^^^^^^^^^^^^^^^^^^^^^^^^^^^^^^^^^^^^^^^^^^^^
  File "<frozen importlib._bootstrap>", line 1387, in _gcd_import
  File "<frozen importlib._bootstrap>", line 1360, in _find_and_load
  File "<frozen importlib._bootstrap>", line 1331, in _find_and_load_unlocked
  File "<frozen importlib._bootstrap>", line 935, in _load_unlocked
  File "<frozen importlib._bootstrap_external>", line 995, in exec_module
  File "<frozen importlib._bootstrap>", line 488, in _call_with_frames_removed
  File "/root/bond_project/Backend/apps/kyc/urls.py", line 8, in <module>
    path("issuer_kyc/", include("apps.kyc.issuer_kyc.urls")),
                        ^^^^^^^^^^^^^^^^^^^^^^^^^^^^^^^^^^^
  File "/root/bond_project/venv/lib/python3.12/site-packages/django/urls/conf.py", line 39, in include
    urlconf_module = import_module(urlconf_module)
                     ^^^^^^^^^^^^^^^^^^^^^^^^^^^^^
  File "/usr/lib/python3.12/importlib/__init__.py", line 90, in import_module
    return _bootstrap._gcd_import(name[level:], package, level)
           ^^^^^^^^^^^^^^^^^^^^^^^^^^^^^^^^^^^^^^^^^^^^^^^^^^^^
  File "<frozen importlib._bootstrap>", line 1387, in _gcd_import
  File "<frozen importlib._bootstrap>", line 1360, in _find_and_load
  File "<frozen importlib._bootstrap>", line 1331, in _find_and_load_unlocked
  File "<frozen importlib._bootstrap>", line 935, in _load_unlocked
  File "<frozen importlib._bootstrap_external>", line 995, in exec_module
  File "<frozen importlib._bootstrap>", line 488, in _call_with_frames_removed
  File "/root/bond_project/Backend/apps/kyc/issuer_kyc/urls.py", line 28, in <module>
    from .views.RegisterCompanyView import RegisterCompanyView
ModuleNotFoundError: No module named 'apps.kyc.issuer_kyc.views.RegisterCompanyView'
[2025-11-20 17:47:08,660] INFO django.utils.autoreload:265 - /root/bond_project/Backend/apps/kyc/issuer_kyc/urls.py changed, reloading.
Performing system checks...

[2025-11-20 17:47:09,532] INFO django.utils.autoreload:667 - Watching for file changes with StatReloader
Exception in thread django-main-thread:
Traceback (most recent call last):
  File "/usr/lib/python3.12/threading.py", line 1073, in _bootstrap_inner
    self.run()
  File "/usr/lib/python3.12/threading.py", line 1010, in run
    self._target(*self._args, **self._kwargs)
  File "/root/bond_project/venv/lib/python3.12/site-packages/django/utils/autoreload.py", line 64, in wrapper
    fn(*args, **kwargs)
  File "/root/bond_project/venv/lib/python3.12/site-packages/django/core/management/commands/runserver.py", line 134, in inner_run
    self.check(**check_kwargs)
  File "/root/bond_project/venv/lib/python3.12/site-packages/django/core/management/base.py", line 492, in check
    all_issues = checks.run_checks(
                 ^^^^^^^^^^^^^^^^^^
  File "/root/bond_project/venv/lib/python3.12/site-packages/django/core/checks/registry.py", line 89, in run_checks
    new_errors = check(app_configs=app_configs, databases=databases)
                 ^^^^^^^^^^^^^^^^^^^^^^^^^^^^^^^^^^^^^^^^^^^^^^^^^^^
  File "/root/bond_project/venv/lib/python3.12/site-packages/django/core/checks/urls.py", line 44, in check_url_namespaces_unique
    all_namespaces = _load_all_namespaces(resolver)
                     ^^^^^^^^^^^^^^^^^^^^^^^^^^^^^^
  File "/root/bond_project/venv/lib/python3.12/site-packages/django/core/checks/urls.py", line 63, in _load_all_namespaces
    url_patterns = getattr(resolver, "url_patterns", [])
                   ^^^^^^^^^^^^^^^^^^^^^^^^^^^^^^^^^^^^^
  File "/root/bond_project/venv/lib/python3.12/site-packages/django/utils/functional.py", line 47, in __get__
    res = instance.__dict__[self.name] = self.func(instance)
                                         ^^^^^^^^^^^^^^^^^^^
  File "/root/bond_project/venv/lib/python3.12/site-packages/django/urls/resolvers.py", line 718, in url_patterns
    patterns = getattr(self.urlconf_module, "urlpatterns", self.urlconf_module)
                       ^^^^^^^^^^^^^^^^^^^
  File "/root/bond_project/venv/lib/python3.12/site-packages/django/utils/functional.py", line 47, in __get__
    res = instance.__dict__[self.name] = self.func(instance)
                                         ^^^^^^^^^^^^^^^^^^^
  File "/root/bond_project/venv/lib/python3.12/site-packages/django/urls/resolvers.py", line 711, in urlconf_module
    return import_module(self.urlconf_name)
           ^^^^^^^^^^^^^^^^^^^^^^^^^^^^^^^^
  File "/usr/lib/python3.12/importlib/__init__.py", line 90, in import_module
    return _bootstrap._gcd_import(name[level:], package, level)
           ^^^^^^^^^^^^^^^^^^^^^^^^^^^^^^^^^^^^^^^^^^^^^^^^^^^^
  File "<frozen importlib._bootstrap>", line 1387, in _gcd_import
  File "<frozen importlib._bootstrap>", line 1360, in _find_and_load
  File "<frozen importlib._bootstrap>", line 1331, in _find_and_load_unlocked
  File "<frozen importlib._bootstrap>", line 935, in _load_unlocked
  File "<frozen importlib._bootstrap_external>", line 995, in exec_module
  File "<frozen importlib._bootstrap>", line 488, in _call_with_frames_removed
  File "/root/bond_project/Backend/config/urls.py", line 42, in <module>
    path("api/", include("apps.urls")),
                 ^^^^^^^^^^^^^^^^^^^^
  File "/root/bond_project/venv/lib/python3.12/site-packages/django/urls/conf.py", line 39, in include
    urlconf_module = import_module(urlconf_module)
                     ^^^^^^^^^^^^^^^^^^^^^^^^^^^^^
  File "/usr/lib/python3.12/importlib/__init__.py", line 90, in import_module
    return _bootstrap._gcd_import(name[level:], package, level)
           ^^^^^^^^^^^^^^^^^^^^^^^^^^^^^^^^^^^^^^^^^^^^^^^^^^^^
  File "<frozen importlib._bootstrap>", line 1387, in _gcd_import
  File "<frozen importlib._bootstrap>", line 1360, in _find_and_load
  File "<frozen importlib._bootstrap>", line 1331, in _find_and_load_unlocked
  File "<frozen importlib._bootstrap>", line 935, in _load_unlocked
  File "<frozen importlib._bootstrap_external>", line 995, in exec_module
  File "<frozen importlib._bootstrap>", line 488, in _call_with_frames_removed
  File "/root/bond_project/Backend/apps/urls.py", line 21, in <module>
    path('kyc/',include('apps.kyc.urls')),
                ^^^^^^^^^^^^^^^^^^^^^^^^
  File "/root/bond_project/venv/lib/python3.12/site-packages/django/urls/conf.py", line 39, in include
    urlconf_module = import_module(urlconf_module)
                     ^^^^^^^^^^^^^^^^^^^^^^^^^^^^^
  File "/usr/lib/python3.12/importlib/__init__.py", line 90, in import_module
    return _bootstrap._gcd_import(name[level:], package, level)
           ^^^^^^^^^^^^^^^^^^^^^^^^^^^^^^^^^^^^^^^^^^^^^^^^^^^^
  File "<frozen importlib._bootstrap>", line 1387, in _gcd_import
  File "<frozen importlib._bootstrap>", line 1360, in _find_and_load
  File "<frozen importlib._bootstrap>", line 1331, in _find_and_load_unlocked
  File "<frozen importlib._bootstrap>", line 935, in _load_unlocked
  File "<frozen importlib._bootstrap_external>", line 995, in exec_module
  File "<frozen importlib._bootstrap>", line 488, in _call_with_frames_removed
  File "/root/bond_project/Backend/apps/kyc/urls.py", line 8, in <module>
    path("issuer_kyc/", include("apps.kyc.issuer_kyc.urls")),
                        ^^^^^^^^^^^^^^^^^^^^^^^^^^^^^^^^^^^
  File "/root/bond_project/venv/lib/python3.12/site-packages/django/urls/conf.py", line 39, in include
    urlconf_module = import_module(urlconf_module)
                     ^^^^^^^^^^^^^^^^^^^^^^^^^^^^^
  File "/usr/lib/python3.12/importlib/__init__.py", line 90, in import_module
    return _bootstrap._gcd_import(name[level:], package, level)
           ^^^^^^^^^^^^^^^^^^^^^^^^^^^^^^^^^^^^^^^^^^^^^^^^^^^^
  File "<frozen importlib._bootstrap>", line 1387, in _gcd_import
  File "<frozen importlib._bootstrap>", line 1360, in _find_and_load
  File "<frozen importlib._bootstrap>", line 1331, in _find_and_load_unlocked
  File "<frozen importlib._bootstrap>", line 935, in _load_unlocked
  File "<frozen importlib._bootstrap_external>", line 995, in exec_module
  File "<frozen importlib._bootstrap>", line 488, in _call_with_frames_removed
  File "/root/bond_project/Backend/apps/kyc/issuer_kyc/urls.py", line 28, in <module>
    from .views.CompanyRegistrationView import RegisterCompanyView
  File "/root/bond_project/Backend/apps/kyc/issuer_kyc/views/CompanyRegistrationView.py", line 5, in <module>
    from apps.authentication.serializers.CompanyRegistrationSerializer import CompanyRegistrationSerializer
ModuleNotFoundError: No module named 'apps.authentication.serializers.CompanyRegistrationSerializer'
[2025-11-20 17:48:17,021] INFO django.utils.autoreload:265 - /root/bond_project/Backend/apps/kyc/issuer_kyc/views/CompanyRegistrationView.py changed, reloading.
Performing system checks...

[2025-11-20 17:48:17,925] INFO django.utils.autoreload:667 - Watching for file changes with StatReloader
Exception in thread django-main-thread:
Traceback (most recent call last):
  File "/usr/lib/python3.12/threading.py", line 1073, in _bootstrap_inner
    self.run()
  File "/usr/lib/python3.12/threading.py", line 1010, in run
    self._target(*self._args, **self._kwargs)
  File "/root/bond_project/venv/lib/python3.12/site-packages/django/utils/autoreload.py", line 64, in wrapper
    fn(*args, **kwargs)
  File "/root/bond_project/venv/lib/python3.12/site-packages/django/core/management/commands/runserver.py", line 134, in inner_run
    self.check(**check_kwargs)
  File "/root/bond_project/venv/lib/python3.12/site-packages/django/core/management/base.py", line 492, in check
    all_issues = checks.run_checks(
                 ^^^^^^^^^^^^^^^^^^
  File "/root/bond_project/venv/lib/python3.12/site-packages/django/core/checks/registry.py", line 89, in run_checks
    new_errors = check(app_configs=app_configs, databases=databases)
                 ^^^^^^^^^^^^^^^^^^^^^^^^^^^^^^^^^^^^^^^^^^^^^^^^^^^
  File "/root/bond_project/venv/lib/python3.12/site-packages/django/core/checks/urls.py", line 44, in check_url_namespaces_unique
    all_namespaces = _load_all_namespaces(resolver)
                     ^^^^^^^^^^^^^^^^^^^^^^^^^^^^^^
  File "/root/bond_project/venv/lib/python3.12/site-packages/django/core/checks/urls.py", line 63, in _load_all_namespaces
    url_patterns = getattr(resolver, "url_patterns", [])
                   ^^^^^^^^^^^^^^^^^^^^^^^^^^^^^^^^^^^^^
  File "/root/bond_project/venv/lib/python3.12/site-packages/django/utils/functional.py", line 47, in __get__
    res = instance.__dict__[self.name] = self.func(instance)
                                         ^^^^^^^^^^^^^^^^^^^
  File "/root/bond_project/venv/lib/python3.12/site-packages/django/urls/resolvers.py", line 718, in url_patterns
    patterns = getattr(self.urlconf_module, "urlpatterns", self.urlconf_module)
                       ^^^^^^^^^^^^^^^^^^^
  File "/root/bond_project/venv/lib/python3.12/site-packages/django/utils/functional.py", line 47, in __get__
    res = instance.__dict__[self.name] = self.func(instance)
                                         ^^^^^^^^^^^^^^^^^^^
  File "/root/bond_project/venv/lib/python3.12/site-packages/django/urls/resolvers.py", line 711, in urlconf_module
    return import_module(self.urlconf_name)
           ^^^^^^^^^^^^^^^^^^^^^^^^^^^^^^^^
  File "/usr/lib/python3.12/importlib/__init__.py", line 90, in import_module
    return _bootstrap._gcd_import(name[level:], package, level)
           ^^^^^^^^^^^^^^^^^^^^^^^^^^^^^^^^^^^^^^^^^^^^^^^^^^^^
  File "<frozen importlib._bootstrap>", line 1387, in _gcd_import
  File "<frozen importlib._bootstrap>", line 1360, in _find_and_load
  File "<frozen importlib._bootstrap>", line 1331, in _find_and_load_unlocked
  File "<frozen importlib._bootstrap>", line 935, in _load_unlocked
  File "<frozen importlib._bootstrap_external>", line 995, in exec_module
  File "<frozen importlib._bootstrap>", line 488, in _call_with_frames_removed
  File "/root/bond_project/Backend/config/urls.py", line 42, in <module>
    path("api/", include("apps.urls")),
                 ^^^^^^^^^^^^^^^^^^^^
  File "/root/bond_project/venv/lib/python3.12/site-packages/django/urls/conf.py", line 39, in include
    urlconf_module = import_module(urlconf_module)
                     ^^^^^^^^^^^^^^^^^^^^^^^^^^^^^
  File "/usr/lib/python3.12/importlib/__init__.py", line 90, in import_module
    return _bootstrap._gcd_import(name[level:], package, level)
           ^^^^^^^^^^^^^^^^^^^^^^^^^^^^^^^^^^^^^^^^^^^^^^^^^^^^
  File "<frozen importlib._bootstrap>", line 1387, in _gcd_import
  File "<frozen importlib._bootstrap>", line 1360, in _find_and_load
  File "<frozen importlib._bootstrap>", line 1331, in _find_and_load_unlocked
  File "<frozen importlib._bootstrap>", line 935, in _load_unlocked
  File "<frozen importlib._bootstrap_external>", line 995, in exec_module
  File "<frozen importlib._bootstrap>", line 488, in _call_with_frames_removed
  File "/root/bond_project/Backend/apps/urls.py", line 21, in <module>
    path('kyc/',include('apps.kyc.urls')),
                ^^^^^^^^^^^^^^^^^^^^^^^^
  File "/root/bond_project/venv/lib/python3.12/site-packages/django/urls/conf.py", line 39, in include
    urlconf_module = import_module(urlconf_module)
                     ^^^^^^^^^^^^^^^^^^^^^^^^^^^^^
  File "/usr/lib/python3.12/importlib/__init__.py", line 90, in import_module
    return _bootstrap._gcd_import(name[level:], package, level)
           ^^^^^^^^^^^^^^^^^^^^^^^^^^^^^^^^^^^^^^^^^^^^^^^^^^^^
  File "<frozen importlib._bootstrap>", line 1387, in _gcd_import
  File "<frozen importlib._bootstrap>", line 1360, in _find_and_load
  File "<frozen importlib._bootstrap>", line 1331, in _find_and_load_unlocked
  File "<frozen importlib._bootstrap>", line 935, in _load_unlocked
  File "<frozen importlib._bootstrap_external>", line 995, in exec_module
  File "<frozen importlib._bootstrap>", line 488, in _call_with_frames_removed
  File "/root/bond_project/Backend/apps/kyc/urls.py", line 8, in <module>
    path("issuer_kyc/", include("apps.kyc.issuer_kyc.urls")),
                        ^^^^^^^^^^^^^^^^^^^^^^^^^^^^^^^^^^^
  File "/root/bond_project/venv/lib/python3.12/site-packages/django/urls/conf.py", line 39, in include
    urlconf_module = import_module(urlconf_module)
                     ^^^^^^^^^^^^^^^^^^^^^^^^^^^^^
  File "/usr/lib/python3.12/importlib/__init__.py", line 90, in import_module
    return _bootstrap._gcd_import(name[level:], package, level)
           ^^^^^^^^^^^^^^^^^^^^^^^^^^^^^^^^^^^^^^^^^^^^^^^^^^^^
  File "<frozen importlib._bootstrap>", line 1387, in _gcd_import
  File "<frozen importlib._bootstrap>", line 1360, in _find_and_load
  File "<frozen importlib._bootstrap>", line 1331, in _find_and_load_unlocked
  File "<frozen importlib._bootstrap>", line 935, in _load_unlocked
  File "<frozen importlib._bootstrap_external>", line 995, in exec_module
  File "<frozen importlib._bootstrap>", line 488, in _call_with_frames_removed
  File "/root/bond_project/Backend/apps/kyc/issuer_kyc/urls.py", line 28, in <module>
    from .views.CompanyRegistrationView import RegisterCompanyView
  File "/root/bond_project/Backend/apps/kyc/issuer_kyc/views/CompanyRegistrationView.py", line 5, in <module>
    from apps.kyc.issuer_kyc.serializers.CompanyRegistrationSerializer import CompanyRegistrationSerializer
  File "/root/bond_project/Backend/apps/kyc/issuer_kyc/serializers/CompanyRegistrationSerializer.py", line 199, in <module>
    from apps.authentication.services.EmailService import EmailService
ModuleNotFoundError: No module named 'apps.authentication.services.EmailService'
[2025-11-20 17:49:18,249] INFO django.utils.autoreload:265 - /root/bond_project/Backend/apps/kyc/issuer_kyc/serializers/CompanyRegistrationSerializer.py changed, reloading.
Performing system checks...

[2025-11-20 17:49:19,085] INFO django.utils.autoreload:667 - Watching for file changes with StatReloader
Exception in thread django-main-thread:
Traceback (most recent call last):
  File "/usr/lib/python3.12/threading.py", line 1073, in _bootstrap_inner
    self.run()
  File "/usr/lib/python3.12/threading.py", line 1010, in run
    self._target(*self._args, **self._kwargs)
  File "/root/bond_project/venv/lib/python3.12/site-packages/django/utils/autoreload.py", line 64, in wrapper
    fn(*args, **kwargs)
  File "/root/bond_project/venv/lib/python3.12/site-packages/django/core/management/commands/runserver.py", line 134, in inner_run
    self.check(**check_kwargs)
  File "/root/bond_project/venv/lib/python3.12/site-packages/django/core/management/base.py", line 492, in check
    all_issues = checks.run_checks(
                 ^^^^^^^^^^^^^^^^^^
  File "/root/bond_project/venv/lib/python3.12/site-packages/django/core/checks/registry.py", line 89, in run_checks
    new_errors = check(app_configs=app_configs, databases=databases)
                 ^^^^^^^^^^^^^^^^^^^^^^^^^^^^^^^^^^^^^^^^^^^^^^^^^^^
  File "/root/bond_project/venv/lib/python3.12/site-packages/django/core/checks/urls.py", line 44, in check_url_namespaces_unique
    all_namespaces = _load_all_namespaces(resolver)
                     ^^^^^^^^^^^^^^^^^^^^^^^^^^^^^^
  File "/root/bond_project/venv/lib/python3.12/site-packages/django/core/checks/urls.py", line 63, in _load_all_namespaces
    url_patterns = getattr(resolver, "url_patterns", [])
                   ^^^^^^^^^^^^^^^^^^^^^^^^^^^^^^^^^^^^^
  File "/root/bond_project/venv/lib/python3.12/site-packages/django/utils/functional.py", line 47, in __get__
    res = instance.__dict__[self.name] = self.func(instance)
                                         ^^^^^^^^^^^^^^^^^^^
  File "/root/bond_project/venv/lib/python3.12/site-packages/django/urls/resolvers.py", line 718, in url_patterns
    patterns = getattr(self.urlconf_module, "urlpatterns", self.urlconf_module)
                       ^^^^^^^^^^^^^^^^^^^
  File "/root/bond_project/venv/lib/python3.12/site-packages/django/utils/functional.py", line 47, in __get__
    res = instance.__dict__[self.name] = self.func(instance)
                                         ^^^^^^^^^^^^^^^^^^^
  File "/root/bond_project/venv/lib/python3.12/site-packages/django/urls/resolvers.py", line 711, in urlconf_module
    return import_module(self.urlconf_name)
           ^^^^^^^^^^^^^^^^^^^^^^^^^^^^^^^^
  File "/usr/lib/python3.12/importlib/__init__.py", line 90, in import_module
    return _bootstrap._gcd_import(name[level:], package, level)
           ^^^^^^^^^^^^^^^^^^^^^^^^^^^^^^^^^^^^^^^^^^^^^^^^^^^^
  File "<frozen importlib._bootstrap>", line 1387, in _gcd_import
  File "<frozen importlib._bootstrap>", line 1360, in _find_and_load
  File "<frozen importlib._bootstrap>", line 1331, in _find_and_load_unlocked
  File "<frozen importlib._bootstrap>", line 935, in _load_unlocked
  File "<frozen importlib._bootstrap_external>", line 995, in exec_module
  File "<frozen importlib._bootstrap>", line 488, in _call_with_frames_removed
  File "/root/bond_project/Backend/config/urls.py", line 42, in <module>
    path("api/", include("apps.urls")),
                 ^^^^^^^^^^^^^^^^^^^^
  File "/root/bond_project/venv/lib/python3.12/site-packages/django/urls/conf.py", line 39, in include
    urlconf_module = import_module(urlconf_module)
                     ^^^^^^^^^^^^^^^^^^^^^^^^^^^^^
  File "/usr/lib/python3.12/importlib/__init__.py", line 90, in import_module
    return _bootstrap._gcd_import(name[level:], package, level)
           ^^^^^^^^^^^^^^^^^^^^^^^^^^^^^^^^^^^^^^^^^^^^^^^^^^^^
  File "<frozen importlib._bootstrap>", line 1387, in _gcd_import
  File "<frozen importlib._bootstrap>", line 1360, in _find_and_load
  File "<frozen importlib._bootstrap>", line 1331, in _find_and_load_unlocked
  File "<frozen importlib._bootstrap>", line 935, in _load_unlocked
  File "<frozen importlib._bootstrap_external>", line 995, in exec_module
  File "<frozen importlib._bootstrap>", line 488, in _call_with_frames_removed
  File "/root/bond_project/Backend/apps/urls.py", line 21, in <module>
    path('kyc/',include('apps.kyc.urls')),
                ^^^^^^^^^^^^^^^^^^^^^^^^
  File "/root/bond_project/venv/lib/python3.12/site-packages/django/urls/conf.py", line 39, in include
    urlconf_module = import_module(urlconf_module)
                     ^^^^^^^^^^^^^^^^^^^^^^^^^^^^^
  File "/usr/lib/python3.12/importlib/__init__.py", line 90, in import_module
    return _bootstrap._gcd_import(name[level:], package, level)
           ^^^^^^^^^^^^^^^^^^^^^^^^^^^^^^^^^^^^^^^^^^^^^^^^^^^^
  File "<frozen importlib._bootstrap>", line 1387, in _gcd_import
  File "<frozen importlib._bootstrap>", line 1360, in _find_and_load
  File "<frozen importlib._bootstrap>", line 1331, in _find_and_load_unlocked
  File "<frozen importlib._bootstrap>", line 935, in _load_unlocked
  File "<frozen importlib._bootstrap_external>", line 995, in exec_module
  File "<frozen importlib._bootstrap>", line 488, in _call_with_frames_removed
  File "/root/bond_project/Backend/apps/kyc/urls.py", line 8, in <module>
    path("issuer_kyc/", include("apps.kyc.issuer_kyc.urls")),
                        ^^^^^^^^^^^^^^^^^^^^^^^^^^^^^^^^^^^
  File "/root/bond_project/venv/lib/python3.12/site-packages/django/urls/conf.py", line 39, in include
    urlconf_module = import_module(urlconf_module)
                     ^^^^^^^^^^^^^^^^^^^^^^^^^^^^^
  File "/usr/lib/python3.12/importlib/__init__.py", line 90, in import_module
    return _bootstrap._gcd_import(name[level:], package, level)
           ^^^^^^^^^^^^^^^^^^^^^^^^^^^^^^^^^^^^^^^^^^^^^^^^^^^^
  File "<frozen importlib._bootstrap>", line 1387, in _gcd_import
  File "<frozen importlib._bootstrap>", line 1360, in _find_and_load
  File "<frozen importlib._bootstrap>", line 1331, in _find_and_load_unlocked
  File "<frozen importlib._bootstrap>", line 935, in _load_unlocked
  File "<frozen importlib._bootstrap_external>", line 995, in exec_module
  File "<frozen importlib._bootstrap>", line 488, in _call_with_frames_removed
  File "/root/bond_project/Backend/apps/kyc/issuer_kyc/urls.py", line 28, in <module>
    from .views.CompanyRegistrationView import RegisterCompanyView
  File "/root/bond_project/Backend/apps/kyc/issuer_kyc/views/CompanyRegistrationView.py", line 5, in <module>
    from apps.kyc.issuer_kyc.serializers.CompanyRegistrationSerializer import CompanyRegistrationSerializer
  File "/root/bond_project/Backend/apps/kyc/issuer_kyc/serializers/CompanyRegistrationSerializer.py", line 202, in <module>
    from apps.authentication.utils.company_registration_validators import (
ModuleNotFoundError: No module named 'apps.authentication.utils.company_registration_validators'
[2025-11-20 17:51:19,844] INFO django.utils.autoreload:265 - /root/bond_project/Backend/apps/kyc/issuer_kyc/serializers/CompanyRegistrationSerializer.py changed, reloading.
Performing system checks...

[2025-11-20 17:51:20,689] INFO django.utils.autoreload:667 - Watching for file changes with StatReloader
System check identified some issues:

WARNINGS:
?: (staticfiles.W004) The directory '/root/bond_project/Backend/apps/static' in the STATICFILES_DIRS setting does not exist.

System check identified 1 issue (0 silenced).
[2025-11-20 17:51:39,651] INFO django.server:213 - "POST /api/kyc/issuer_kyc/pan-extraction/ HTTP/1.1" 200 217
[2025-11-20 17:52:05,992] WARNING django.server:213 - "POST /api/auth/v1/send-mobile-otp/ HTTP/1.1" 404 7784
[2025-11-20 17:53:39,612] WARNING django.server:213 - "POST /api/auth/send-mobile-otp/ HTTP/1.1" 400 144
[2025-11-20 17:54:13,659] INFO apps.authentication.services.otp.otp_service:30 - [OTP-MOBILE] OTP sent to 7040556811 (override=1111)
[2025-11-20 17:54:13,660] INFO django.server:213 - "POST /api/auth/send-mobile-otp/ HTTP/1.1" 200 63
[2025-11-20 17:55:08,238] INFO django.server:213 - "POST /api/auth/verify-mobile-otp/ HTTP/1.1" 200 90
[2025-11-20 17:55:23,414] WARNING django.server:213 - "POST /api/auth/send-email-otp/ HTTP/1.1" 400 134
[2025-11-20 17:55:34,594] INFO apps.authentication.services.otp.otp_service:43 - [OTP-EMAIL] OTP sent to kk@example.com (override=1111)
[2025-11-20 17:55:34,595] INFO django.server:213 - "POST /api/auth/send-email-otp/ HTTP/1.1" 200 63
[2025-11-20 17:56:01,679] INFO apps.authentication.services.otp.otp_service:43 - [OTP-EMAIL] OTP sent to kk@example.com (override=1111)
[2025-11-20 17:56:01,684] INFO django.server:213 - "POST /api/auth/send-email-otp/ HTTP/1.1" 200 63
[2025-11-20 17:56:57,290] INFO django.server:213 - "POST /api/auth/verify-email-otp/ HTTP/1.1" 200 113
[2025-11-20 17:58:58,905] WARNING django.server:213 - "POST /api/auth/register-company/ HTTP/1.1" 404 7778
[2025-11-20 17:59:50,355] WARNING django.server:213 - "POST /api/kyc/issuer_kyc/register-company/ HTTP/1.1" 400 180
[2025-11-20 18:00:03,780] INFO apps.authentication.services.otp.otp_service:43 - [OTP-EMAIL] OTP sent to kk@example.com (override=1111)
[2025-11-20 18:00:03,790] INFO django.server:213 - "POST /api/auth/send-email-otp/ HTTP/1.1" 200 63
[2025-11-20 18:00:18,266] INFO django.server:213 - "POST /api/auth/verify-email-otp/ HTTP/1.1" 200 113
[2025-11-20 18:00:31,156] WARNING django.server:213 - "POST /api/kyc/issuer_kyc/register-company/ HTTP/1.1" 400 182
[2025-11-20 18:00:44,861] WARNING django.server:213 - "POST /api/kyc/issuer_kyc/register-company/ HTTP/1.1" 400 176
[2025-11-20 18:00:57,317] INFO django.server:213 - "POST /api/kyc/issuer_kyc/pan-extraction/ HTTP/1.1" 200 217
[2025-11-20 18:01:13,615] WARNING django.server:213 - "POST /api/kyc/issuer_kyc/register-company/ HTTP/1.1" 400 128
[2025-11-20 18:01:35,719] INFO apps.kyc.issuer_kyc.services.EmailService:204 - Email sent to kk@example.com
[2025-11-20 18:01:35,723] INFO django.server:213 - "POST /api/kyc/issuer_kyc/register-company/ HTTP/1.1" 200 184
[2025-11-20 18:02:09,269] INFO django.server:213 - "GET /api/bonds/bonds/featured/ HTTP/1.1" 200 4060
[2025-11-20 18:02:09,289] INFO django.server:213 - "GET /api/bonds/stats/ HTTP/1.1" 200 90
[2025-11-20 18:02:11,069] INFO django.server:213 - "GET /api/bonds/bonds/featured/ HTTP/1.1" 200 4060
[2025-11-20 18:02:11,153] INFO django.server:213 - "GET /api/bonds/stats/ HTTP/1.1" 200 90
[2025-11-20 18:02:16,831] INFO django.server:81 - - Broken pipe from ('117.217.69.133', 56084)
[2025-11-20 18:02:16,832] INFO django.server:81 - - Broken pipe from ('117.217.69.133', 56085)
[2025-11-20 18:02:46,151] INFO apps.authentication.services.otp.otp_service:30 - [OTP-MOBILE] OTP sent to 7040556812 (override=1111)
[2025-11-20 18:02:46,152] INFO django.server:213 - "POST /api/auth/send-mobile-otp/ HTTP/1.1" 200 63
[2025-11-20 18:02:51,594] WARNING django.server:213 - "POST /api/auth/verify-mobile-otp/ HTTP/1.1" 400 105
[2025-11-20 18:02:59,133] INFO django.server:213 - "POST /api/auth/verify-mobile-otp/ HTTP/1.1" 200 90
[2025-11-20 18:03:15,521] INFO apps.authentication.services.otp.otp_service:43 - [OTP-EMAIL] OTP sent to kkk@example.com (override=1111)
[2025-11-20 18:03:15,522] INFO django.server:213 - "POST /api/auth/send-email-otp/ HTTP/1.1" 200 63
[2025-11-20 18:03:21,955] WARNING django.server:213 - "POST /api/auth/verify-email-otp/ HTTP/1.1" 400 105
[2025-11-20 18:03:31,647] INFO django.server:213 - "POST /api/auth/verify-email-otp/ HTTP/1.1" 200 114
[2025-11-20 18:04:41,103] INFO apps.kyc.issuer_kyc.services.EmailService:204 - Email sent to kkk@example.com
[2025-11-20 18:04:41,108] INFO django.server:213 - "POST /api/kyc/issuer_kyc/register-company/ HTTP/1.1" 200 189
[2025-11-20 18:04:52,435] INFO django.server:213 - "GET /api/bonds/bonds/featured/ HTTP/1.1" 200 4060
[2025-11-20 18:04:52,537] INFO django.server:213 - "GET /api/bonds/stats/ HTTP/1.1" 200 90
[2025-11-20 18:04:53,717] INFO django.server:81 - - Broken pipe from ('117.217.69.133', 56088)
[2025-11-20 18:04:53,717] INFO django.server:81 - - Broken pipe from ('117.217.69.133', 56087)
[2025-11-20 18:05:56,802] INFO apps.authentication.services.otp.otp_service:30 - [OTP-MOBILE] OTP sent to 7040556813 (override=1111)
[2025-11-20 18:05:56,802] INFO django.server:213 - "POST /api/auth/send-mobile-otp/ HTTP/1.1" 200 63
[2025-11-20 18:06:06,651] INFO django.server:213 - "POST /api/auth/verify-mobile-otp/ HTTP/1.1" 200 90
[2025-11-20 18:06:55,539] INFO django.server:213 - "GET /api/bonds/bonds/featured/ HTTP/1.1" 200 4060
[2025-11-20 18:06:55,623] INFO django.server:213 - "GET /api/bonds/stats/ HTTP/1.1" 200 90
[2025-11-20 18:07:02,736] INFO django.server:81 - - Broken pipe from ('117.217.69.133', 56092)
[2025-11-20 18:07:02,736] INFO django.server:81 - - Broken pipe from ('117.217.69.133', 56091)
[2025-11-20 18:09:05,478] INFO apps.authentication.services.otp.otp_service:43 - [OTP-EMAIL] OTP sent to combat.projectmanagement@gmail.com (override=1111)
[2025-11-20 18:09:05,478] INFO django.server:213 - "POST /api/auth/send-email-otp/ HTTP/1.1" 200 63
[2025-11-20 18:09:23,251] WARNING django.server:213 - "POST /api/auth/verify-email-otp/ HTTP/1.1" 400 105
[2025-11-20 18:09:31,429] WARNING django.server:213 - "POST /api/auth/verify-email-otp/ HTTP/1.1" 400 205
[2025-11-20 18:09:41,560] INFO django.server:213 - "POST /api/auth/verify-email-otp/ HTTP/1.1" 200 133
[2025-11-20 18:11:06,427] INFO apps.kyc.issuer_kyc.services.EmailService:204 - Email sent to combat.projectmanagement@gmail.com
[2025-11-20 18:11:06,430] INFO django.server:213 - "POST /api/kyc/issuer_kyc/register-company/ HTTP/1.1" 200 189
